<?xml version="1.0" encoding="UTF-8"?>
<testng-results ignored="0" total="1" passed="1" failed="0" skipped="0">
  <reporter-output>
  </reporter-output>
  <suite started-at="2025-10-24T16:01:00 IST" name="MyTestSuite" finished-at="2025-10-24T16:02:31 IST" duration-ms="91591">
    <groups>
    </groups>
    <test started-at="2025-10-24T16:01:00 IST" name="Test1" finished-at="2025-10-24T16:02:31 IST" duration-ms="91591">
      <class name="testCases.TC_AccountRegistrationTest">
        <test-method is-config="true" signature="setup()[pri:0, instance:testCases.TC_AccountRegistrationTest@16d04d3d]" started-at="2025-10-24T16:01:00 IST" name="setup" finished-at="2025-10-24T16:01:18 IST" duration-ms="18610" status="PASS">
          <reporter-output>
          </reporter-output>
        </test-method> <!-- setup -->
        <test-method signature="verify_account_registration()[pri:0, instance:testCases.TC_AccountRegistrationTest@16d04d3d]" started-at="2025-10-24T16:01:18 IST" name="verify_account_registration" finished-at="2025-10-24T16:02:31 IST" duration-ms="72221" status="PASS">
          <reporter-output>
          </reporter-output>
        </test-method> <!-- verify_account_registration -->
        <test-method is-config="true" signature="tearDown()[pri:0, instance:testCases.TC_AccountRegistrationTest@16d04d3d]" started-at="2025-10-24T16:02:31 IST" name="tearDown" finished-at="2025-10-24T16:02:31 IST" duration-ms="639" status="PASS">
          <reporter-output>
          </reporter-output>
        </test-method> <!-- tearDown -->
      </class> <!-- testCases.TC_AccountRegistrationTest -->
    </test> <!-- Test1 -->
  </suite> <!-- MyTestSuite -->
</testng-results>
